<?xml version="1.0" encoding="UTF-8"?>
<testng-results ignored="0" total="3" passed="3" failed="0" skipped="0">
  <reporter-output>
  </reporter-output>
  <suite started-at="2026-07-27T21:22:24 IST" name="Default suite" finished-at="2026-07-27T21:22:24 IST" duration-ms="152">
    <groups>
    </groups>
    <test started-at="2026-07-27T21:22:24 IST" name="Default test" finished-at="2026-07-27T21:22:24 IST" duration-ms="152">
      <class name="Practice.Practice$testingtestng">
        <test-method is-config="true" signature="login()[pri:0, instance:Practice.Practice$testingtestng@4c402120]" started-at="2026-07-27T21:22:24 IST" name="login" finished-at="2026-07-27T21:22:24 IST" duration-ms="23" status="PASS">
          <reporter-output>
          </reporter-output>
        </test-method> <!-- login -->
        <test-method signature="Advsearch()[pri:1, instance:Practice.Practice$testingtestng@4c402120]" started-at="2026-07-27T21:22:24 IST" name="Advsearch" finished-at="2026-07-27T21:22:24 IST" duration-ms="8" status="PASS">
          <reporter-output>
          </reporter-output>
        </test-method> <!-- Advsearch -->
        <test-method signature="search()[pri:2, instance:Practice.Practice$testingtestng@4c402120]" started-at="2026-07-27T21:22:24 IST" name="search" finished-at="2026-07-27T21:22:24 IST" duration-ms="2" status="PASS">
          <reporter-output>
          </reporter-output>
        </test-method> <!-- search -->
        <test-method signature="testinglogin()[pri:3, instance:Practice.Practice$testingtestng@4c402120]" started-at="2026-07-27T21:22:24 IST" name="testinglogin" finished-at="2026-07-27T21:22:24 IST" duration-ms="2" status="PASS">
          <reporter-output>
          </reporter-output>
        </test-method> <!-- testinglogin -->
        <test-method is-config="true" signature="logout()[pri:0, instance:Practice.Practice$testingtestng@4c402120]" started-at="2026-07-27T21:22:24 IST" name="logout" finished-at="2026-07-27T21:22:24 IST" duration-ms="1" status="PASS">
          <reporter-output>
          </reporter-output>
        </test-method> <!-- logout -->
      </class> <!-- Practice.Practice$testingtestng -->
    </test> <!-- Default test -->
  </suite> <!-- Default suite -->
</testng-results>
