<?xml version="1.0" encoding="UTF-8"?>
<!-- Generated by org.testng.reporters.JUnitXMLReporter -->
<testsuite ignored="0" hostname="XI-Laptop008" failures="0" tests="3" name="Default test" time="0.152" errors="0" timestamp="2026-07-27T21:22:24 IST">
  <testcase classname="Practice.Practice$testingtestng" name="Advsearch" time="0.008"/>
  <testcase classname="Practice.Practice$testingtestng" name="search" time="0.002"/>
  <testcase classname="Practice.Practice$testingtestng" name="testinglogin" time="0.002"/>
</testsuite> <!-- Default test -->
